2026-05-28 22:35:59,102 - INFO - ============================================================
2026-05-28 22:35:59,102 - INFO - Starting Lodoro.cl Scraper
2026-05-28 22:35:59,102 - INFO - ============================================================
2026-05-28 22:35:59,103 - INFO - Trying endpoint: https://www.lodoro.cl/products.json
2026-05-28 22:35:59,103 - INFO - Fetching page 1...
2026-05-28 22:36:02,795 - ERROR - Unexpected error: Expecting value: line 1 column 2 (char 1)
2026-05-28 22:36:07,551 - ERROR - Unexpected error: Expecting value: line 1 column 2 (char 1)
2026-05-28 22:36:14,715 - ERROR - Unexpected error: Expecting value: line 1 column 2 (char 1)
2026-05-28 22:36:14,716 - WARNING - No data received for page 1
2026-05-28 22:36:14,716 - WARNING - ⚠️ Endpoint https://www.lodoro.cl/products.json returned no data
2026-05-28 22:36:14,716 - INFO - Trying endpoint: https://www.lodoro.cl/collections/all/products.json
2026-05-28 22:36:14,717 - INFO - Fetching page 1...
2026-05-28 22:36:16,697 - ERROR - Unexpected error: Expecting value: line 1 column 2 (char 1)
2026-05-28 22:36:21,177 - ERROR - Unexpected error: Expecting value: line 1 column 2 (char 1)
2026-05-28 22:36:27,477 - ERROR - Unexpected error: Expecting value: line 1 column 2 (char 1)
2026-05-28 22:36:27,477 - WARNING - No data received for page 1
2026-05-28 22:36:27,477 - WARNING - ⚠️ Endpoint https://www.lodoro.cl/collections/all/products.json returned no data
2026-05-28 22:36:27,478 - ERROR - No products scraped successfully
2026-05-28 22:37:56,941 - INFO - ============================================================
2026-05-28 22:37:56,942 - INFO - Starting Lodoro.cl Scraper
2026-05-28 22:37:56,942 - INFO - ============================================================
2026-05-28 22:37:56,942 - INFO - Trying endpoint: https://www.lodoro.cl/products.json
2026-05-28 22:37:56,943 - INFO - Fetching page 1...
2026-05-28 22:38:01,291 - ERROR - Unexpected error: Expecting value: line 1 column 2 (char 1)
2026-05-28 22:38:06,232 - ERROR - Unexpected error: Expecting value: line 1 column 2 (char 1)
2026-05-28 22:38:13,794 - ERROR - Unexpected error: Expecting value: line 1 column 2 (char 1)
2026-05-28 22:38:13,795 - WARNING - No data received for page 1
2026-05-28 22:38:13,795 - WARNING - Endpoint https://www.lodoro.cl/products.json returned no data
2026-05-28 22:38:13,795 - INFO - Trying endpoint: https://www.lodoro.cl/collections/all/products.json
2026-05-28 22:38:13,796 - INFO - Fetching page 1...
2026-05-28 22:38:16,991 - ERROR - Unexpected error: Expecting value: line 1 column 2 (char 1)
2026-05-28 22:38:22,487 - ERROR - Unexpected error: Expecting value: line 1 column 2 (char 1)
2026-05-28 22:38:28,263 - ERROR - Unexpected error: Expecting value: line 1 column 2 (char 1)
2026-05-28 22:38:28,264 - WARNING - No data received for page 1
2026-05-28 22:38:28,264 - WARNING - Endpoint https://www.lodoro.cl/collections/all/products.json returned no data
2026-05-28 22:38:28,264 - INFO - Trying endpoint: https://www.lodoro.cl/search.json?type=product
2026-05-28 22:38:28,264 - INFO - Fetching page 1...
2026-05-28 22:38:29,687 - ERROR - Unexpected error: Expecting value: line 1 column 2 (char 1)
2026-05-28 22:38:33,072 - ERROR - Unexpected error: Expecting value: line 1 column 2 (char 1)
2026-05-28 22:38:39,548 - ERROR - Unexpected error: Expecting value: line 1 column 2 (char 1)
2026-05-28 22:38:39,548 - WARNING - No data received for page 1
2026-05-28 22:38:39,549 - WARNING - Endpoint https://www.lodoro.cl/search.json?type=product returned no data
2026-05-28 22:38:39,549 - ERROR - No products scraped successfully
2026-05-28 22:41:34,286 - INFO - ============================================================
2026-05-28 22:41:34,287 - INFO - Starting Lodoro.cl Scraper
2026-05-28 22:41:34,287 - INFO - ============================================================
2026-05-28 22:41:34,287 - INFO - Trying endpoint: https://www.lodoro.cl/products.json
2026-05-28 22:41:34,287 - INFO - Fetching page 1...
2026-05-28 22:41:36,560 - ERROR - Unexpected error: Expecting value: line 1 column 2 (char 1)
2026-05-28 22:41:40,598 - ERROR - Unexpected error: Expecting value: line 1 column 2 (char 1)
2026-05-28 22:41:47,322 - ERROR - Unexpected error: Expecting value: line 1 column 2 (char 1)
2026-05-28 22:41:47,323 - WARNING - No data received for page 1
2026-05-28 22:41:47,323 - WARNING - Endpoint https://www.lodoro.cl/products.json returned no data
2026-05-28 22:41:47,323 - INFO - Trying endpoint: https://www.lodoro.cl/collections/all/products.json
2026-05-28 22:41:47,323 - INFO - Fetching page 1...
2026-05-28 22:41:50,649 - ERROR - Unexpected error: Expecting value: line 1 column 2 (char 1)
2026-05-28 22:41:55,378 - ERROR - Unexpected error: Expecting value: line 1 column 2 (char 1)
2026-05-28 22:42:02,055 - ERROR - Unexpected error: Expecting value: line 1 column 2 (char 1)
2026-05-28 22:42:02,055 - WARNING - No data received for page 1
2026-05-28 22:42:02,055 - WARNING - Endpoint https://www.lodoro.cl/collections/all/products.json returned no data
2026-05-28 22:42:02,056 - INFO - Trying endpoint: https://www.lodoro.cl/search.json?type=product
2026-05-28 22:42:02,056 - INFO - Fetching page 1...
2026-05-28 22:42:04,122 - ERROR - Unexpected error: Extra data: line 1 column 3 (char 2)
2026-05-28 22:42:08,552 - ERROR - Unexpected error: Extra data: line 1 column 3 (char 2)
2026-05-28 22:42:15,695 - ERROR - Unexpected error: Extra data: line 1 column 3 (char 2)
2026-05-28 22:42:15,696 - WARNING - No data received for page 1
2026-05-28 22:42:15,696 - WARNING - Endpoint https://www.lodoro.cl/search.json?type=product returned no data
2026-05-28 22:42:15,696 - ERROR - No products scraped successfully
